{
  "stats": {
    "suites": 1,
    "tests": 1,
    "passes": 1,
    "pending": 0,
    "failures": 0,
    "start": "2021-08-22T13:00:48.919Z",
    "end": "2021-08-22T13:00:54.503Z",
    "duration": 5584,
    "testsRegistered": 1,
    "passPercent": 100,
    "pendingPercent": 0,
    "other": 0,
    "hasOther": false,
    "skipped": 0,
    "hasSkipped": false
  },
  "results": [
    {
      "uuid": "60bb3850-bc20-42ca-be52-c99ff6f28bb3",
      "title": "",
      "fullFile": "cypress/integration/logiscore/BDD/backend/api.feature",
      "file": "cypress/integration/logiscore/BDD/backend/api.feature",
      "beforeHooks": [],
      "afterHooks": [],
      "tests": [],
      "suites": [
        {
          "uuid": "74a7c3bd-f6e2-48f1-b4c9-52f62c6f119d",
          "title": "Consumo de servicios",
          "fullFile": "",
          "file": "",
          "beforeHooks": [],
          "afterHooks": [],
          "tests": [
            {
              "title": "Servicio obtener token",
              "fullTitle": "Consumo de servicios Servicio obtener token",
              "timedOut": null,
              "duration": 5539,
              "state": "passed",
              "speed": "slow",
              "pass": true,
              "fail": false,
              "pending": false,
              "context": null,
              "code": "const state = window.testState;\nreturn cy\n  .then(() => state.onStartScenario(scenario, indexedSteps))\n  .then(() =>\n    resolveAndRunBeforeHooks.call(this, scenario.tags, state.feature.name)\n  )\n  .then(() =>\n    indexedSteps.forEach((step) =>\n      stepTest.call(this, state, step, rowData)\n    )\n  )\n  .then(() => state.onFinishScenario(scenario));",
              "err": {},
              "uuid": "0663ea6e-c379-43ed-a2ef-3832f1734d72",
              "parentUUID": "74a7c3bd-f6e2-48f1-b4c9-52f62c6f119d",
              "isHook": false,
              "skipped": false
            }
          ],
          "suites": [],
          "passes": [
            "0663ea6e-c379-43ed-a2ef-3832f1734d72"
          ],
          "failures": [],
          "pending": [],
          "skipped": [],
          "duration": 5539,
          "root": false,
          "rootEmpty": false,
          "_timeout": 2000
        }
      ],
      "passes": [],
      "failures": [],
      "pending": [],
      "skipped": [],
      "duration": 0,
      "root": true,
      "rootEmpty": true,
      "_timeout": 2000
    }
  ],
  "meta": {
    "mocha": {
      "version": "7.0.1"
    },
    "mochawesome": {
      "options": {
        "quiet": false,
        "reportFilename": "mochawesome",
        "saveHtml": false,
        "saveJson": true,
        "consoleReporter": "spec",
        "useInlineDiffs": false,
        "code": true
      },
      "version": "6.2.2"
    },
    "marge": {
      "options": {
        "overwrite": false,
        "html": false,
        "files": "cypress/report",
        "charts": true,
        "reportPageTitle": "Reporte de ejecucion",
        "embeddedScreenshots": true,
        "json": true,
        "reportDir": "cypress\\reports\\html\\.jsons"
      },
      "version": "5.2.0"
    }
  }
}