{
  "stats": {
    "suites": 1,
    "tests": 1,
    "passes": 1,
    "pending": 0,
    "failures": 0,
    "start": "2021-08-21T01:52:05.325Z",
    "end": "2021-08-21T01:52:10.077Z",
    "duration": 4752,
    "testsRegistered": 1,
    "passPercent": 100,
    "pendingPercent": 0,
    "other": 0,
    "hasOther": false,
    "skipped": 0,
    "hasSkipped": false
  },
  "results": [
    {
      "uuid": "11f166af-7797-4434-92a9-a5b82e568b2d",
      "title": "",
      "fullFile": "cypress/integration/logiscore/BDD/backend/api.feature",
      "file": "cypress/integration/logiscore/BDD/backend/api.feature",
      "beforeHooks": [],
      "afterHooks": [],
      "tests": [],
      "suites": [
        {
          "uuid": "e2f183e7-389d-41de-b22f-a22b25a9fa97",
          "title": "Consumo de servicios",
          "fullFile": "",
          "file": "",
          "beforeHooks": [],
          "afterHooks": [],
          "tests": [
            {
              "title": "Servicio obtener token",
              "fullTitle": "Consumo de servicios Servicio obtener token",
              "timedOut": null,
              "duration": 4729,
              "state": "passed",
              "speed": "slow",
              "pass": true,
              "fail": false,
              "pending": false,
              "context": null,
              "code": "const state = window.testState;\nreturn cy\n  .then(() => state.onStartScenario(scenario, indexedSteps))\n  .then(() =>\n    resolveAndRunBeforeHooks.call(this, scenario.tags, state.feature.name)\n  )\n  .then(() =>\n    indexedSteps.forEach((step) =>\n      stepTest.call(this, state, step, rowData)\n    )\n  )\n  .then(() => state.onFinishScenario(scenario));",
              "err": {},
              "uuid": "29f732ea-393c-420c-994d-09d631d2152e",
              "parentUUID": "e2f183e7-389d-41de-b22f-a22b25a9fa97",
              "isHook": false,
              "skipped": false
            }
          ],
          "suites": [],
          "passes": [
            "29f732ea-393c-420c-994d-09d631d2152e"
          ],
          "failures": [],
          "pending": [],
          "skipped": [],
          "duration": 4729,
          "root": false,
          "rootEmpty": false,
          "_timeout": 2000
        }
      ],
      "passes": [],
      "failures": [],
      "pending": [],
      "skipped": [],
      "duration": 0,
      "root": true,
      "rootEmpty": true,
      "_timeout": 2000
    }
  ],
  "meta": {
    "mocha": {
      "version": "7.0.1"
    },
    "mochawesome": {
      "options": {
        "quiet": false,
        "reportFilename": "mochawesome",
        "saveHtml": false,
        "saveJson": true,
        "consoleReporter": "spec",
        "useInlineDiffs": false,
        "code": true
      },
      "version": "6.2.2"
    },
    "marge": {
      "options": {
        "reportDir": "cypress\\report\\.jsons",
        "charts": true,
        "reportPageTitle": "Reporte de ejecucion",
        "embeddedScreenshots": true,
        "overwrite": false,
        "html": false,
        "json": true
      },
      "version": "5.2.0"
    }
  }
}